2013/11/15 17:43:56 [error] [php] imagecreatefromjpeg(): gd-jpeg: JPEG library reports unrecoverable error:  (D:\wamp\www\phpserver\protected\components\FilesComponent.php:281)
Stack trace:
#0 D:\wamp\www\phpserver\protected\controllers\FilesController.php(57): FilesComponent->renderImage()
#1 D:\wamp\www\framework\web\actions\CInlineAction.php(49): FilesController->actionImage()
#2 D:\wamp\www\framework\web\CController.php(308): CInlineAction->runWithParams()
#3 D:\wamp\www\framework\web\CController.php(286): FilesController->runAction()
#4 D:\wamp\www\framework\web\CController.php(265): FilesController->runActionWithFilters()
#5 D:\wamp\www\framework\web\CWebApplication.php(282): FilesController->run()
#6 D:\wamp\www\framework\web\CWebApplication.php(141): CWebApplication->runController()
#7 D:\wamp\www\framework\base\CApplication.php(169): CWebApplication->processRequest()
#8 D:\wamp\www\phpserver\index.php(9): CWebApplication->run()
REQUEST_URI=/images/e4b2e3b0090a6f22995cbb94ab09b83a_w-172_h-172_c.jpg
in D:\wamp\www\phpserver\protected\components\FilesComponent.php (281)
in D:\wamp\www\phpserver\protected\components\FilesComponent.php (436)
in D:\wamp\www\phpserver\protected\controllers\FilesController.php (57)
2013/11/15 17:43:57 [error] [php] imagecreatefromjpeg(): gd-jpeg: JPEG library reports unrecoverable error:  (D:\wamp\www\phpserver\protected\components\FilesComponent.php:281)
Stack trace:
#0 D:\wamp\www\phpserver\protected\controllers\FilesController.php(57): FilesComponent->renderImage()
#1 D:\wamp\www\framework\web\actions\CInlineAction.php(49): FilesController->actionImage()
#2 D:\wamp\www\framework\web\CController.php(308): CInlineAction->runWithParams()
#3 D:\wamp\www\framework\web\CController.php(286): FilesController->runAction()
#4 D:\wamp\www\framework\web\CController.php(265): FilesController->runActionWithFilters()
#5 D:\wamp\www\framework\web\CWebApplication.php(282): FilesController->run()
#6 D:\wamp\www\framework\web\CWebApplication.php(141): CWebApplication->runController()
#7 D:\wamp\www\framework\base\CApplication.php(169): CWebApplication->processRequest()
#8 D:\wamp\www\phpserver\index.php(9): CWebApplication->run()
REQUEST_URI=/images/2d3c6c8a00ad4472ce243fb6df1499f1_w-172_h-172_c.jpg
in D:\wamp\www\phpserver\protected\components\FilesComponent.php (281)
in D:\wamp\www\phpserver\protected\components\FilesComponent.php (436)
in D:\wamp\www\phpserver\protected\controllers\FilesController.php (57)
2013/11/15 17:44:05 [error] [php] imagecreatefromjpeg(): gd-jpeg: JPEG library reports unrecoverable error:  (D:\wamp\www\phpserver\protected\components\FilesComponent.php:281)
Stack trace:
#0 D:\wamp\www\phpserver\protected\controllers\FilesController.php(57): FilesComponent->renderImage()
#1 D:\wamp\www\framework\web\actions\CInlineAction.php(49): FilesController->actionImage()
#2 D:\wamp\www\framework\web\CController.php(308): CInlineAction->runWithParams()
#3 D:\wamp\www\framework\web\CController.php(286): FilesController->runAction()
#4 D:\wamp\www\framework\web\CController.php(265): FilesController->runActionWithFilters()
#5 D:\wamp\www\framework\web\CWebApplication.php(282): FilesController->run()
#6 D:\wamp\www\framework\web\CWebApplication.php(141): CWebApplication->runController()
#7 D:\wamp\www\framework\base\CApplication.php(169): CWebApplication->processRequest()
#8 D:\wamp\www\phpserver\index.php(9): CWebApplication->run()
REQUEST_URI=/images/3c4086f8f070bddb0ec6367ff7a42f58_w-172_h-172_c.jpg
in D:\wamp\www\phpserver\protected\components\FilesComponent.php (281)
in D:\wamp\www\phpserver\protected\components\FilesComponent.php (436)
in D:\wamp\www\phpserver\protected\controllers\FilesController.php (57)
2013/11/15 17:45:27 [error] [php] imagecreatefromjpeg(): gd-jpeg: JPEG library reports unrecoverable error:  (D:\wamp\www\phpserver\protected\components\FilesComponent.php:281)
Stack trace:
#0 D:\wamp\www\phpserver\protected\controllers\FilesController.php(57): FilesComponent->renderImage()
#1 D:\wamp\www\framework\web\actions\CInlineAction.php(49): FilesController->actionImage()
#2 D:\wamp\www\framework\web\CController.php(308): CInlineAction->runWithParams()
#3 D:\wamp\www\framework\web\CController.php(286): FilesController->runAction()
#4 D:\wamp\www\framework\web\CController.php(265): FilesController->runActionWithFilters()
#5 D:\wamp\www\framework\web\CWebApplication.php(282): FilesController->run()
#6 D:\wamp\www\framework\web\CWebApplication.php(141): CWebApplication->runController()
#7 D:\wamp\www\framework\base\CApplication.php(169): CWebApplication->processRequest()
#8 D:\wamp\www\phpserver\index.php(9): CWebApplication->run()
REQUEST_URI=/images/2d3c6c8a00ad4472ce243fb6df1499f1_w-172_h-172_c.jpg
in D:\wamp\www\phpserver\protected\components\FilesComponent.php (281)
in D:\wamp\www\phpserver\protected\components\FilesComponent.php (436)
in D:\wamp\www\phpserver\protected\controllers\FilesController.php (57)
2013/11/15 17:45:27 [error] [php] imagecreatefromjpeg(): gd-jpeg: JPEG library reports unrecoverable error:  (D:\wamp\www\phpserver\protected\components\FilesComponent.php:281)
Stack trace:
#0 D:\wamp\www\phpserver\protected\controllers\FilesController.php(57): FilesComponent->renderImage()
#1 D:\wamp\www\framework\web\actions\CInlineAction.php(49): FilesController->actionImage()
#2 D:\wamp\www\framework\web\CController.php(308): CInlineAction->runWithParams()
#3 D:\wamp\www\framework\web\CController.php(286): FilesController->runAction()
#4 D:\wamp\www\framework\web\CController.php(265): FilesController->runActionWithFilters()
#5 D:\wamp\www\framework\web\CWebApplication.php(282): FilesController->run()
#6 D:\wamp\www\framework\web\CWebApplication.php(141): CWebApplication->runController()
#7 D:\wamp\www\framework\base\CApplication.php(169): CWebApplication->processRequest()
#8 D:\wamp\www\phpserver\index.php(9): CWebApplication->run()
REQUEST_URI=/images/e4b2e3b0090a6f22995cbb94ab09b83a_w-172_h-172_c.jpg
in D:\wamp\www\phpserver\protected\components\FilesComponent.php (281)
in D:\wamp\www\phpserver\protected\components\FilesComponent.php (436)
in D:\wamp\www\phpserver\protected\controllers\FilesController.php (57)
2013/11/15 17:45:38 [error] [php] imagecreatefromjpeg(): gd-jpeg: JPEG library reports unrecoverable error:  (D:\wamp\www\phpserver\protected\components\FilesComponent.php:281)
Stack trace:
#0 D:\wamp\www\phpserver\protected\controllers\FilesController.php(57): FilesComponent->renderImage()
#1 D:\wamp\www\framework\web\actions\CInlineAction.php(49): FilesController->actionImage()
#2 D:\wamp\www\framework\web\CController.php(308): CInlineAction->runWithParams()
#3 D:\wamp\www\framework\web\CController.php(286): FilesController->runAction()
#4 D:\wamp\www\framework\web\CController.php(265): FilesController->runActionWithFilters()
#5 D:\wamp\www\framework\web\CWebApplication.php(282): FilesController->run()
#6 D:\wamp\www\framework\web\CWebApplication.php(141): CWebApplication->runController()
#7 D:\wamp\www\framework\base\CApplication.php(169): CWebApplication->processRequest()
#8 D:\wamp\www\phpserver\index.php(9): CWebApplication->run()
REQUEST_URI=/images/3c4086f8f070bddb0ec6367ff7a42f58_w-172_h-172_c.jpg
in D:\wamp\www\phpserver\protected\components\FilesComponent.php (281)
in D:\wamp\www\phpserver\protected\components\FilesComponent.php (436)
in D:\wamp\www\phpserver\protected\controllers\FilesController.php (57)
2013/11/15 17:45:54 [error] [php] imagecreatefromjpeg(): gd-jpeg: JPEG library reports unrecoverable error:  (D:\wamp\www\phpserver\protected\components\FilesComponent.php:281)
Stack trace:
#0 D:\wamp\www\phpserver\protected\controllers\FilesController.php(57): FilesComponent->renderImage()
#1 D:\wamp\www\framework\web\actions\CInlineAction.php(49): FilesController->actionImage()
#2 D:\wamp\www\framework\web\CController.php(308): CInlineAction->runWithParams()
#3 D:\wamp\www\framework\web\CController.php(286): FilesController->runAction()
#4 D:\wamp\www\framework\web\CController.php(265): FilesController->runActionWithFilters()
#5 D:\wamp\www\framework\web\CWebApplication.php(282): FilesController->run()
#6 D:\wamp\www\framework\web\CWebApplication.php(141): CWebApplication->runController()
#7 D:\wamp\www\framework\base\CApplication.php(169): CWebApplication->processRequest()
#8 D:\wamp\www\phpserver\index.php(9): CWebApplication->run()
REQUEST_URI=/images/2d3c6c8a00ad4472ce243fb6df1499f1_w-172_h-172_c.jpg
in D:\wamp\www\phpserver\protected\components\FilesComponent.php (281)
in D:\wamp\www\phpserver\protected\components\FilesComponent.php (436)
in D:\wamp\www\phpserver\protected\controllers\FilesController.php (57)
2013/11/15 17:45:54 [error] [php] imagecreatefromjpeg(): gd-jpeg: JPEG library reports unrecoverable error:  (D:\wamp\www\phpserver\protected\components\FilesComponent.php:281)
Stack trace:
#0 D:\wamp\www\phpserver\protected\controllers\FilesController.php(57): FilesComponent->renderImage()
#1 D:\wamp\www\framework\web\actions\CInlineAction.php(49): FilesController->actionImage()
#2 D:\wamp\www\framework\web\CController.php(308): CInlineAction->runWithParams()
#3 D:\wamp\www\framework\web\CController.php(286): FilesController->runAction()
#4 D:\wamp\www\framework\web\CController.php(265): FilesController->runActionWithFilters()
#5 D:\wamp\www\framework\web\CWebApplication.php(282): FilesController->run()
#6 D:\wamp\www\framework\web\CWebApplication.php(141): CWebApplication->runController()
#7 D:\wamp\www\framework\base\CApplication.php(169): CWebApplication->processRequest()
#8 D:\wamp\www\phpserver\index.php(9): CWebApplication->run()
REQUEST_URI=/images/e4b2e3b0090a6f22995cbb94ab09b83a_w-172_h-172_c.jpg
in D:\wamp\www\phpserver\protected\components\FilesComponent.php (281)
in D:\wamp\www\phpserver\protected\components\FilesComponent.php (436)
in D:\wamp\www\phpserver\protected\controllers\FilesController.php (57)
2013/11/15 17:47:47 [error] [php] imagecreatefromjpeg(): gd-jpeg: JPEG library reports unrecoverable error:  (D:\wamp\www\phpserver\protected\components\FilesComponent.php:281)
Stack trace:
#0 D:\wamp\www\phpserver\protected\controllers\FilesController.php(57): FilesComponent->renderImage()
#1 D:\wamp\www\framework\web\actions\CInlineAction.php(49): FilesController->actionImage()
#2 D:\wamp\www\framework\web\CController.php(308): CInlineAction->runWithParams()
#3 D:\wamp\www\framework\web\CController.php(286): FilesController->runAction()
#4 D:\wamp\www\framework\web\CController.php(265): FilesController->runActionWithFilters()
#5 D:\wamp\www\framework\web\CWebApplication.php(282): FilesController->run()
#6 D:\wamp\www\framework\web\CWebApplication.php(141): CWebApplication->runController()
#7 D:\wamp\www\framework\base\CApplication.php(169): CWebApplication->processRequest()
#8 D:\wamp\www\phpserver\index.php(9): CWebApplication->run()
REQUEST_URI=/images/e4b2e3b0090a6f22995cbb94ab09b83a_w-172_h-172_c.jpg
in D:\wamp\www\phpserver\protected\components\FilesComponent.php (281)
in D:\wamp\www\phpserver\protected\components\FilesComponent.php (436)
in D:\wamp\www\phpserver\protected\controllers\FilesController.php (57)
2013/11/15 17:47:48 [error] [php] imagecreatefromjpeg(): gd-jpeg: JPEG library reports unrecoverable error:  (D:\wamp\www\phpserver\protected\components\FilesComponent.php:281)
Stack trace:
#0 D:\wamp\www\phpserver\protected\controllers\FilesController.php(57): FilesComponent->renderImage()
#1 D:\wamp\www\framework\web\actions\CInlineAction.php(49): FilesController->actionImage()
#2 D:\wamp\www\framework\web\CController.php(308): CInlineAction->runWithParams()
#3 D:\wamp\www\framework\web\CController.php(286): FilesController->runAction()
#4 D:\wamp\www\framework\web\CController.php(265): FilesController->runActionWithFilters()
#5 D:\wamp\www\framework\web\CWebApplication.php(282): FilesController->run()
#6 D:\wamp\www\framework\web\CWebApplication.php(141): CWebApplication->runController()
#7 D:\wamp\www\framework\base\CApplication.php(169): CWebApplication->processRequest()
#8 D:\wamp\www\phpserver\index.php(9): CWebApplication->run()
REQUEST_URI=/images/2d3c6c8a00ad4472ce243fb6df1499f1_w-172_h-172_c.jpg
in D:\wamp\www\phpserver\protected\components\FilesComponent.php (281)
in D:\wamp\www\phpserver\protected\components\FilesComponent.php (436)
in D:\wamp\www\phpserver\protected\controllers\FilesController.php (57)
2013/11/15 17:48:01 [error] [php] imagecreatefromjpeg(): gd-jpeg: JPEG library reports unrecoverable error:  (D:\wamp\www\phpserver\protected\components\FilesComponent.php:281)
Stack trace:
#0 D:\wamp\www\phpserver\protected\controllers\FilesController.php(57): FilesComponent->renderImage()
#1 D:\wamp\www\framework\web\actions\CInlineAction.php(49): FilesController->actionImage()
#2 D:\wamp\www\framework\web\CController.php(308): CInlineAction->runWithParams()
#3 D:\wamp\www\framework\web\CController.php(286): FilesController->runAction()
#4 D:\wamp\www\framework\web\CController.php(265): FilesController->runActionWithFilters()
#5 D:\wamp\www\framework\web\CWebApplication.php(282): FilesController->run()
#6 D:\wamp\www\framework\web\CWebApplication.php(141): CWebApplication->runController()
#7 D:\wamp\www\framework\base\CApplication.php(169): CWebApplication->processRequest()
#8 D:\wamp\www\phpserver\index.php(9): CWebApplication->run()
REQUEST_URI=/images/3c4086f8f070bddb0ec6367ff7a42f58_w-172_h-172_c.jpg
in D:\wamp\www\phpserver\protected\components\FilesComponent.php (281)
in D:\wamp\www\phpserver\protected\components\FilesComponent.php (436)
in D:\wamp\www\phpserver\protected\controllers\FilesController.php (57)
